This is pdfTeX, Version 3.141592653-2.6-1.40.25 (MiKTeX 24.1) (preloaded format=pdflatex 2024.11.5)  6 NOV 2024 14:20
entering extended mode
 restricted \write18 enabled.
 %&-line parsing enabled.
**./feladat1.tex
(feladat1.tex
LaTeX2e <2023-11-01> patch level 1
L3 programming layer <2024-01-04>

(C:\Users\Lancelot-Laptop\AppData\Local\Programs\MiKTeX\tex/latex/base\article.
cls
Document Class: article 2023/05/17 v1.4n Standard LaTeX document class

(C:\Users\Lancelot-Laptop\AppData\Local\Programs\MiKTeX\tex/latex/base\size10.c
lo
File: size10.clo 2023/05/17 v1.4n Standard LaTeX file (size option)
)
\c@part=\count187
\c@section=\count188
\c@subsection=\count189
\c@subsubsection=\count190
\c@paragraph=\count191
\c@subparagraph=\count192
\c@figure=\count193
\c@table=\count194
\abovecaptionskip=\skip48
\belowcaptionskip=\skip49
\bibindent=\dimen140
)
(C:\Users\Lancelot-Laptop\AppData\Local\Programs\MiKTeX\tex/generic/babel\babel
.sty
Package: babel 2024/01/07 v24.1 The Babel package
\babel@savecnt=\count195
\U@D=\dimen141
\l@unhyphenated=\language79

(C:\Users\Lancelot-Laptop\AppData\Local\Programs\MiKTeX\tex/generic/babel\txtba
bel.def)
\bbl@readstream=\read2
\bbl@dirlevel=\count196

*************************************
* Local config file bblopts.cfg used
*

(C:\Users\Lancelot-Laptop\AppData\Local\Programs\MiKTeX\tex/latex/arabi\bblopts
.cfg
File: bblopts.cfg 2005/09/08 v0.1 add Arabic and Farsi to "declared" options of
 babel
)
(C:\Users\Lancelot-Laptop\AppData\Local\Programs\MiKTeX\tex/latex/babel-hungari
an\magyar.ldf
Language: magyar 2019/01/14 v1.5c Magyar (Hungarian) support for babel
Package babel Info: Making ` an active character on input line 2819.
\c@footnote@add=\count197
\c@footnote@ch=\count198
))
(C:\Users\Lancelot-Laptop\AppData\Local\Programs\MiKTeX\tex/generic/babel/local
e/hu\babel-magyar.tex
Package babel Info: Importing font and identification data for magyar
(babel)             from babel-hu.ini. Reported on input line 11.
)
(C:\Users\Lancelot-Laptop\AppData\Local\Programs\MiKTeX\tex/latex/lipsum\lipsum
.sty
(C:\Users\Lancelot-Laptop\AppData\Local\Programs\MiKTeX\tex/latex/l3packages/l3
keys2e\l3keys2e.sty
(C:\Users\Lancelot-Laptop\AppData\Local\Programs\MiKTeX\tex/latex/l3kernel\expl
3.sty
Package: expl3 2024-01-04 L3 programming layer (loader) 

(C:\Users\Lancelot-Laptop\AppData\Local\Programs\MiKTeX\tex/latex/l3backend\l3b
ackend-pdftex.def
File: l3backend-pdftex.def 2024-01-04 L3 backend support: PDF output (pdfTeX)
\l__color_backend_stack_int=\count199
\l__pdf_internal_box=\box51
))
Package: l3keys2e 2023-10-10 LaTeX2e option processing using LaTeX3 keys
)
Package: lipsum 2021-09-20 v2.7 150 paragraphs of Lorem Ipsum dummy text
\g__lipsum_par_int=\count266
\l__lipsum_a_int=\count267
\l__lipsum_b_int=\count268

(C:\Users\Lancelot-Laptop\AppData\Local\Programs\MiKTeX\tex/latex/lipsum\lipsum
.ltd.tex))
(C:\Users\Lancelot-Laptop\AppData\Local\Programs\MiKTeX\tex/latex/base\t1enc.st
y
Package: t1enc 1994/06/01 Standard LaTeX package
)
(C:\Users\Lancelot-Laptop\AppData\Local\Programs\MiKTeX\tex/latex/graphics\grap
hicx.sty
Package: graphicx 2021/09/16 v1.2d Enhanced LaTeX Graphics (DPC,SPQR)

(C:\Users\Lancelot-Laptop\AppData\Local\Programs\MiKTeX\tex/latex/graphics\keyv
al.sty
Package: keyval 2022/05/29 v1.15 key=value parser (DPC)
\KV@toks@=\toks17
)
(C:\Users\Lancelot-Laptop\AppData\Local\Programs\MiKTeX\tex/latex/graphics\grap
hics.sty
Package: graphics 2022/03/10 v1.4e Standard LaTeX Graphics (DPC,SPQR)

(C:\Users\Lancelot-Laptop\AppData\Local\Programs\MiKTeX\tex/latex/graphics\trig
.sty
Package: trig 2021/08/11 v1.11 sin cos tan (DPC)
)
(C:\Users\Lancelot-Laptop\AppData\Local\Programs\MiKTeX\tex/latex/graphics-cfg\
graphics.cfg
File: graphics.cfg 2016/06/04 v1.11 sample graphics configuration
)
Package graphics Info: Driver file: pdftex.def on input line 107.

(C:\Users\Lancelot-Laptop\AppData\Local\Programs\MiKTeX\tex/latex/graphics-def\
pdftex.def
File: pdftex.def 2022/09/22 v1.2b Graphics/color driver for pdftex
))
\Gin@req@height=\dimen142
\Gin@req@width=\dimen143
)
(C:\Users\Lancelot-Laptop\AppData\Local\Programs\MiKTeX\tex/latex/caption\subca
ption.sty
Package: subcaption 2023/07/28 v1.6b Sub-captions (AR)

(C:\Users\Lancelot-Laptop\AppData\Local\Programs\MiKTeX\tex/latex/caption\capti
on.sty
Package: caption 2023/08/05 v3.6o Customizing captions (AR)

(C:\Users\Lancelot-Laptop\AppData\Local\Programs\MiKTeX\tex/latex/caption\capti
on3.sty
Package: caption3 2023/07/31 v2.4d caption3 kernel (AR)
\caption@tempdima=\dimen144
\captionmargin=\dimen145
\caption@leftmargin=\dimen146
\caption@rightmargin=\dimen147
\caption@width=\dimen148
\caption@indent=\dimen149
\caption@parindent=\dimen150
\caption@hangindent=\dimen151
Package caption Info: Standard document class detected.
Package caption Info: hungarian babel package is loaded.
)
\c@caption@flags=\count269
\c@continuedfloat=\count270
Package caption Info: hungarian babel package is loaded.
)
Package caption Info: New subtype `subfigure' on input line 238.
\c@subfigure=\count271
Package caption Info: New subtype `subtable' on input line 238.
\c@subtable=\count272
)
(C:\Users\Lancelot-Laptop\AppData\Local\Programs\MiKTeX\tex/latex/tools\array.s
ty
Package: array 2023/10/16 v2.5g Tabular extension package (FMi)
\col@sep=\dimen152
\ar@mcellbox=\box52
\extrarowheight=\dimen153
\NC@list=\toks18
\extratabsurround=\skip50
\backup@length=\skip51
\ar@cellbox=\box53
)
(C:\Users\Lancelot-Laptop\AppData\Local\Programs\MiKTeX\tex/latex/xcolor\xcolor
.sty
Package: xcolor 2023/11/15 v3.01 LaTeX color extensions (UK)

(C:\Users\Lancelot-Laptop\AppData\Local\Programs\MiKTeX\tex/latex/graphics-cfg\
color.cfg
File: color.cfg 2016/01/02 v1.6 sample color configuration
)
Package xcolor Info: Driver file: pdftex.def on input line 274.

(C:\Users\Lancelot-Laptop\AppData\Local\Programs\MiKTeX\tex/latex/graphics\math
color.ltx)
Package xcolor Info: Model `cmy' substituted by `cmy0' on input line 1350.
Package xcolor Info: Model `hsb' substituted by `rgb' on input line 1354.
Package xcolor Info: Model `RGB' extended on input line 1366.
Package xcolor Info: Model `HTML' substituted by `rgb' on input line 1368.
Package xcolor Info: Model `Hsb' substituted by `hsb' on input line 1369.
Package xcolor Info: Model `tHsb' substituted by `hsb' on input line 1370.
Package xcolor Info: Model `HSB' substituted by `hsb' on input line 1371.
Package xcolor Info: Model `Gray' substituted by `gray' on input line 1372.
Package xcolor Info: Model `wave' substituted by `hsb' on input line 1373.
)
(C:\Users\Lancelot-Laptop\AppData\Local\Programs\MiKTeX\tex/latex/colortbl\colo
rtbl.sty
Package: colortbl 2024/07/06 v1.0i Color table columns (DPC)
\everycr=\toks19
\minrowclearance=\skip52
\rownum=\count273
)

LaTeX Warning: Package "xcolor" has already been loaded: ignoring load-time
(LaTeX)        option "xcdraw".


(C:\Users\Lancelot-Laptop\AppData\Local\Programs\MiKTeX\tex/latex/multirow\mult
irow.sty
Package: multirow 2021/03/15 v2.8 Span multiple rows of a table
\multirow@colwidth=\skip53
\multirow@cntb=\count274
\multirow@dima=\skip54
\bigstrutjot=\dimen154
)
(C:\Users\Lancelot-Laptop\AppData\Local\Programs\MiKTeX\tex/latex/wrapfig\wrapf
ig.sty
\wrapoverhang=\dimen155
\WF@size=\dimen156
\c@WF@wrappedlines=\count275
\WF@box=\box54
\WF@everypar=\toks20
Package: wrapfig 2003/01/31  v 3.6
)
(C:\Users\Lancelot-Laptop\AppData\Local\Programs\MiKTeX\tex/latex/listings\list
ings.sty
\lst@mode=\count276
\lst@gtempboxa=\box55
\lst@token=\toks21
\lst@length=\count277
\lst@currlwidth=\dimen157
\lst@column=\count278
\lst@pos=\count279
\lst@lostspace=\dimen158
\lst@width=\dimen159
\lst@newlines=\count280
\lst@lineno=\count281
\lst@maxwidth=\dimen160

(C:\Users\Lancelot-Laptop\AppData\Local\Programs\MiKTeX\tex/latex/listings\lstm
isc.sty
File: lstmisc.sty 2023/02/27 1.9 (Carsten Heinz)
\c@lstnumber=\count282
\lst@skipnumbers=\count283
\lst@framebox=\box56
)
(C:\Users\Lancelot-Laptop\AppData\Local\Programs\MiKTeX\tex/latex/listings\list
ings.cfg
File: listings.cfg 2023/02/27 1.9 listings configuration
))
Package: listings 2023/02/27 1.9 (Carsten Heinz)

(C:\Users\Lancelot-Laptop\AppData\Local\Programs\MiKTeX\tex/latex/float\float.s
ty
Package: float 2001/11/08 v1.3d Float enhancements (AL)
\c@float@type=\count284
\float@exts=\toks22
\float@box=\box57
\@float@everytoks=\toks23
\@floatcapt=\box58
)
(C:\Users\Lancelot-Laptop\AppData\Local\Programs\MiKTeX\tex/latex/listings\lstl
ang1.sty
File: lstlang1.sty 2023/02/27 1.9 listings language file
)
\@float@every@python=\toks24
\c@python=\count285
\@float@every@c=\toks25
\c@c=\count286
 (feladat1.aux)
\openout1 = `feladat1.aux'.

LaTeX Font Info:    Checking defaults for OML/cmm/m/it on input line 57.
LaTeX Font Info:    ... okay on input line 57.
LaTeX Font Info:    Checking defaults for OMS/cmsy/m/n on input line 57.
LaTeX Font Info:    ... okay on input line 57.
LaTeX Font Info:    Checking defaults for OT1/cmr/m/n on input line 57.
LaTeX Font Info:    ... okay on input line 57.
LaTeX Font Info:    Checking defaults for T1/cmr/m/n on input line 57.
LaTeX Font Info:    ... okay on input line 57.
LaTeX Font Info:    Checking defaults for TS1/cmr/m/n on input line 57.
LaTeX Font Info:    ... okay on input line 57.
LaTeX Font Info:    Checking defaults for OMX/cmex/m/n on input line 57.
LaTeX Font Info:    ... okay on input line 57.
LaTeX Font Info:    Checking defaults for U/cmr/m/n on input line 57.
LaTeX Font Info:    ... okay on input line 57.

(C:\Users\Lancelot-Laptop\AppData\Local\Programs\MiKTeX\tex/context/base/mkii\s
upp-pdf.mkii
[Loading MPS to PDF converter (version 2006.09.02).]
\scratchcounter=\count287
\scratchdimen=\dimen161
\scratchbox=\box59
\nofMPsegments=\count288
\nofMParguments=\count289
\everyMPshowfont=\toks26
\MPscratchCnt=\count290
\MPscratchDim=\dimen162
\MPnumerator=\count291
\makeMPintoPDFobject=\count292
\everyMPtoPDFconversion=\toks27
)
(C:\Users\Lancelot-Laptop\AppData\Local\Programs\MiKTeX\tex/latex/epstopdf-pkg\
epstopdf-base.sty
Package: epstopdf-base 2020-01-24 v2.11 Base part for package epstopdf
Package epstopdf-base Info: Redefining graphics rule for `.eps' on input line 4
85.

(C:\Users\Lancelot-Laptop\AppData\Local\Programs\MiKTeX\tex/latex/00miktex\epst
opdf-sys.cfg
File: epstopdf-sys.cfg 2021/03/18 v2.0 Configuration of epstopdf for MiKTeX
))
Package caption Info: Begin \AtBeginDocument code.
Package caption Info: float package is loaded.
Package caption Info: listings package is loaded.
Package caption Info: wrapfig package is loaded.
Package caption Info: End \AtBeginDocument code.
\c@lstlisting=\count293

(C:\Users\Lancelot-Laptop\AppData\Local\Programs\MiKTeX\tex/latex/base\article.
cls
LaTeX Info: Redefining \cal on input line 497.
LaTeX Info: Redefining \mit on input line 498.
) (feladat1.lof
LaTeX Font Info:    External font `cmex10' loaded for size
(Font)              <7> on input line 1.
LaTeX Font Info:    External font `cmex10' loaded for size
(Font)              <5> on input line 1.
)
\tf@lof=\write3
\openout3 = `feladat1.lof'.

 (feladat1.lot)
\tf@lot=\write4
\openout4 = `feladat1.lot'.

<szines.jpg, id=1, 770.88pt x 481.8pt>
File: szines.jpg Graphic file (type jpg)
<use szines.jpg>
Package pdftex.def Info: szines.jpg  used on input line 65.
(pdftex.def)             Requested size: 142.25769pt x 88.91104pt.
File: szines.jpg Graphic file (type jpg)
<use szines.jpg>
Package pdftex.def Info: szines.jpg  used on input line 71.
(pdftex.def)             Requested size: 142.25769pt x 88.91104pt.

Underfull \hbox (badness 10000) in paragraph at lines 69--73

 []


Underfull \hbox (badness 10000) in paragraph at lines 69--73

 []

[1{C:/Users/Lancelot-Laptop/AppData/Local/MiKTeX/fonts/map/pdftex/pdftex.map}


 <./szines.jpg>]
<szepia.jpg, id=8, 770.88pt x 481.8pt>
File: szepia.jpg Graphic file (type jpg)
<use szepia.jpg>
Package pdftex.def Info: szepia.jpg  used on input line 77.
(pdftex.def)             Requested size: 142.25769pt x 88.91104pt.
File: szepia.jpg Graphic file (type jpg)
<use szepia.jpg>
Package pdftex.def Info: szepia.jpg  used on input line 83.
(pdftex.def)             Requested size: 142.25769pt x 88.91104pt.
File: szines.jpg Graphic file (type jpg)
<use szines.jpg>
Package pdftex.def Info: szines.jpg  used on input line 93.
(pdftex.def)             Requested size: 142.25769pt x 88.91104pt.
File: szepia.jpg Graphic file (type jpg)
<use szepia.jpg>
Package pdftex.def Info: szepia.jpg  used on input line 98.
(pdftex.def)             Requested size: 142.25769pt x 88.91104pt.

Overfull \hbox (20.14053pt too wide) in paragraph at lines 110--111
 []|\T1/cmr/bx/n/10 Harmadik
 []

[2 <./szepia.jpg>]
Overfull \hbox (3.32275pt too wide) in paragraph at lines 132--133
 []|\T1/cmr/m/n/10 tizenkett®|
 []

[3]
Underfull \hbox (badness 5417) in paragraph at lines 149--149
\T1/cmr/m/n/10 kör-nye-zet-ben, egy-be-vont
 []

[4

]
LaTeX Font Info:    Trying to load font information for T1+cmtt on input line 1
54.

(C:\Users\Lancelot-Laptop\AppData\Local\Programs\MiKTeX\tex/latex/base\t1cmtt.f
d
File: t1cmtt.fd 2023/04/13 v2.5m Standard LaTeX font definitions
) (bin_ker.py
LaTeX Font Info:    Font shape `T1/cmtt/bx/n' in size <9> not available
(Font)              Font shape `T1/cmtt/m/n' tried instead on input line 1.
) [5

]
(C:\Users\Lancelot-Laptop\AppData\Local\Programs\MiKTeX\tex/latex/listings\lstl
ang1.sty
File: lstlang1.sty 2023/02/27 1.9 listings language file
)
(C:\Users\Lancelot-Laptop\AppData\Local\Programs\MiKTeX\tex/latex/listings\lstm
isc.sty
File: lstmisc.sty 2023/02/27 1.9 (Carsten Heinz)
) (bin_ker.c) (bin_ker.c) [6

] (feladat1.aux)
 ***********
LaTeX2e <2023-11-01> patch level 1
L3 programming layer <2024-01-04>
 ***********
 ) 
Here is how much of TeX's memory you used:
 8011 strings out of 474485
 139760 string characters out of 5739014
 2050542 words of memory out of 5000000
 30229 multiletter control sequences out of 15000+600000
 563308 words of font info for 44 fonts, out of 8000000 for 9000
 1141 hyphenation exceptions out of 8191
 79i,11n,93p,466b,1585s stack positions out of 10000i,1000n,20000p,200000b,200000s
 <C:\Users\Lancelot-Laptop\AppData\Local\MiKTeX\fonts/pk/ljfour/jknappen/ec/d
pi600\ecrm0500.pk> <C:\Users\Lancelot-Laptop\AppData\Local\MiKTeX\fonts/pk/ljfo
ur/jknappen/ec/dpi600\ectt0900.pk> <C:\Users\Lancelot-Laptop\AppData\Local\MiKT
eX\fonts/pk/ljfour/jknappen/ec/dpi600\ectt1000.pk> <C:\Users\Lancelot-Laptop\Ap
pData\Local\MiKTeX\fonts/pk/ljfour/jknappen/ec/dpi600\ecrm0900.pk> <C:\Users\La
ncelot-Laptop\AppData\Local\MiKTeX\fonts/pk/ljfour/jknappen/ec/dpi600\ecbx1000.
pk> <C:\Users\Lancelot-Laptop\AppData\Local\MiKTeX\fonts/pk/ljfour/jknappen/ec/
dpi600\ecbx1440.pk> <C:\Users\Lancelot-Laptop\AppData\Local\MiKTeX\fonts/pk/ljf
our/jknappen/ec/dpi600\ecrm1000.pk>
Output written on feladat1.pdf (6 pages, 272181 bytes).
PDF statistics:
 263 PDF objects out of 1000 (max. 8388607)
 0 named destinations out of 1000 (max. 500000)
 11 words of extra memory for PDF output out of 10000 (max. 10000000)

