This is pdfTeX, Version 3.141592653-2.6-1.40.25 (MiKTeX 24.1) (preloaded format=pdflatex 2024.11.5)  6 NOV 2024 09:41
entering extended mode
 restricted \write18 enabled.
 %&-line parsing enabled.
**./feladat2.tex
(feladat2.tex
LaTeX2e <2023-11-01> patch level 1
L3 programming layer <2024-01-04>

(C:\Users\Lancelot-Laptop\AppData\Local\Programs\MiKTeX\tex/latex/base\book.cls
Document Class: book 2023/05/17 v1.4n Standard LaTeX document class

(C:\Users\Lancelot-Laptop\AppData\Local\Programs\MiKTeX\tex/latex/base\bk12.clo
File: bk12.clo 2023/05/17 v1.4n Standard LaTeX file (size option)
)
\c@part=\count187
\c@chapter=\count188
\c@section=\count189
\c@subsection=\count190
\c@subsubsection=\count191
\c@paragraph=\count192
\c@subparagraph=\count193
\c@figure=\count194
\c@table=\count195
\abovecaptionskip=\skip48
\belowcaptionskip=\skip49
\bibindent=\dimen140
)
(C:\Users\Lancelot-Laptop\AppData\Local\Programs\MiKTeX\tex/generic/babel\babel
.sty
Package: babel 2024/01/07 v24.1 The Babel package
\babel@savecnt=\count196
\U@D=\dimen141
\l@unhyphenated=\language79

(C:\Users\Lancelot-Laptop\AppData\Local\Programs\MiKTeX\tex/generic/babel\txtba
bel.def)
\bbl@readstream=\read2
\bbl@dirlevel=\count197

*************************************
* Local config file bblopts.cfg used
*

(C:\Users\Lancelot-Laptop\AppData\Local\Programs\MiKTeX\tex/latex/arabi\bblopts
.cfg
File: bblopts.cfg 2005/09/08 v0.1 add Arabic and Farsi to "declared" options of
 babel
)
(C:\Users\Lancelot-Laptop\AppData\Local\Programs\MiKTeX\tex/latex/babel-hungari
an\magyar.ldf
Language: magyar 2019/01/14 v1.5c Magyar (Hungarian) support for babel
Package babel Info: Making ` an active character on input line 2819.
\c@footnote@add=\count198
\c@footnote@ch=\count199
))
(C:\Users\Lancelot-Laptop\AppData\Local\Programs\MiKTeX\tex/generic/babel/local
e/hu\babel-magyar.tex
Package babel Info: Importing font and identification data for magyar
(babel)             from babel-hu.ini. Reported on input line 11.
)
(C:\Users\Lancelot-Laptop\AppData\Local\Programs\MiKTeX\tex/latex/base\fontenc.
sty
Package: fontenc 2021/04/29 v2.0v Standard LaTeX package
)
(C:\Users\Lancelot-Laptop\AppData\Local\Programs\MiKTeX\tex/latex/hulipsum\huli
psum.sty
Package: hulipsum 2024/04/12 v1.3 Hungarian dummy text (Lorum ipse)
\c@hulipsum@count=\count266
)
(C:\Users\Lancelot-Laptop\AppData\Local\Programs\MiKTeX\tex/latex/geometry\geom
etry.sty
Package: geometry 2020/01/02 v5.9 Page Geometry

(C:\Users\Lancelot-Laptop\AppData\Local\Programs\MiKTeX\tex/latex/graphics\keyv
al.sty
Package: keyval 2022/05/29 v1.15 key=value parser (DPC)
\KV@toks@=\toks17
)
(C:\Users\Lancelot-Laptop\AppData\Local\Programs\MiKTeX\tex/generic/iftex\ifvte
x.sty
Package: ifvtex 2019/10/25 v1.7 ifvtex legacy package. Use iftex instead.

(C:\Users\Lancelot-Laptop\AppData\Local\Programs\MiKTeX\tex/generic/iftex\iftex
.sty
Package: iftex 2022/02/03 v1.0f TeX engine tests
))
\Gm@cnth=\count267
\Gm@cntv=\count268
\c@Gm@tempcnt=\count269
\Gm@bindingoffset=\dimen142
\Gm@wd@mp=\dimen143
\Gm@odd@mp=\dimen144
\Gm@even@mp=\dimen145
\Gm@layoutwidth=\dimen146
\Gm@layoutheight=\dimen147
\Gm@layouthoffset=\dimen148
\Gm@layoutvoffset=\dimen149
\Gm@dimlist=\toks18

(C:\Users\Lancelot-Laptop\AppData\Local\Programs\MiKTeX\tex/latex/geometry\geom
etry.cfg))
(C:\Users\Lancelot-Laptop\AppData\Local\Programs\MiKTeX\tex/latex/fancyhdr\fanc
yhdr.sty
Package: fancyhdr 2024/07/23 v4.3.1 Extensive control of page headers and foote
rs
\f@nch@headwidth=\skip50
\f@nch@O@elh=\skip51
\f@nch@O@erh=\skip52
\f@nch@O@olh=\skip53
\f@nch@O@orh=\skip54
\f@nch@O@elf=\skip55
\f@nch@O@erf=\skip56
\f@nch@O@olf=\skip57
\f@nch@O@orf=\skip58
)
(C:\Users\Lancelot-Laptop\AppData\Local\Programs\MiKTeX\tex/latex/enumitem\enum
item.sty
Package: enumitem 2019/06/20 v3.9 Customized lists
\labelindent=\skip59
\enit@outerparindent=\dimen150
\enit@toks=\toks19
\enit@inbox=\box51
\enit@count@id=\count270
\enitdp@description=\count271
)
(C:\Users\Lancelot-Laptop\AppData\Local\Programs\MiKTeX\tex/latex/hyperref\hype
rref.sty
Package: hyperref 2023-11-26 v7.01g Hypertext links for LaTeX

(C:\Users\Lancelot-Laptop\AppData\Local\Programs\MiKTeX\tex/generic/infwarerr\i
nfwarerr.sty
Package: infwarerr 2019/12/03 v1.5 Providing info/warning/error messages (HO)
)
(C:\Users\Lancelot-Laptop\AppData\Local\Programs\MiKTeX\tex/latex/kvsetkeys\kvs
etkeys.sty
Package: kvsetkeys 2022-10-05 v1.19 Key value parser (HO)
)
(C:\Users\Lancelot-Laptop\AppData\Local\Programs\MiKTeX\tex/generic/kvdefinekey
s\kvdefinekeys.sty
Package: kvdefinekeys 2019-12-19 v1.6 Define keys (HO)
)
(C:\Users\Lancelot-Laptop\AppData\Local\Programs\MiKTeX\tex/generic/pdfescape\p
dfescape.sty
Package: pdfescape 2019/12/09 v1.15 Implements pdfTeX's escape features (HO)

(C:\Users\Lancelot-Laptop\AppData\Local\Programs\MiKTeX\tex/generic/ltxcmds\ltx
cmds.sty
Package: ltxcmds 2023-12-04 v1.26 LaTeX kernel commands for general use (HO)
)
(C:\Users\Lancelot-Laptop\AppData\Local\Programs\MiKTeX\tex/generic/pdftexcmds\
pdftexcmds.sty
Package: pdftexcmds 2020-06-27 v0.33 Utility functions of pdfTeX for LuaTeX (HO
)
Package pdftexcmds Info: \pdf@primitive is available.
Package pdftexcmds Info: \pdf@ifprimitive is available.
Package pdftexcmds Info: \pdfdraftmode found.
))
(C:\Users\Lancelot-Laptop\AppData\Local\Programs\MiKTeX\tex/latex/hycolor\hycol
or.sty
Package: hycolor 2020-01-27 v1.10 Color options for hyperref/bookmark (HO)
)
(C:\Users\Lancelot-Laptop\AppData\Local\Programs\MiKTeX\tex/latex/letltxmacro\l
etltxmacro.sty
Package: letltxmacro 2019/12/03 v1.6 Let assignment for LaTeX macros (HO)
)
(C:\Users\Lancelot-Laptop\AppData\Local\Programs\MiKTeX\tex/latex/auxhook\auxho
ok.sty
Package: auxhook 2019-12-17 v1.6 Hooks for auxiliary files (HO)
)
(C:\Users\Lancelot-Laptop\AppData\Local\Programs\MiKTeX\tex/latex/hyperref\name
ref.sty
Package: nameref 2023-11-26 v2.56 Cross-referencing by name of section

(C:\Users\Lancelot-Laptop\AppData\Local\Programs\MiKTeX\tex/latex/refcount\refc
ount.sty
Package: refcount 2019/12/15 v3.6 Data extraction from label references (HO)
)
(C:\Users\Lancelot-Laptop\AppData\Local\Programs\MiKTeX\tex/generic/gettitlestr
ing\gettitlestring.sty
Package: gettitlestring 2019/12/15 v1.6 Cleanup title references (HO)

(C:\Users\Lancelot-Laptop\AppData\Local\Programs\MiKTeX\tex/latex/kvoptions\kvo
ptions.sty
Package: kvoptions 2022-06-15 v3.15 Key value format for package options (HO)
))
\c@section@level=\count272
)
(C:\Users\Lancelot-Laptop\AppData\Local\Programs\MiKTeX\tex/latex/etoolbox\etoo
lbox.sty
Package: etoolbox 2020/10/05 v2.5k e-TeX tools for LaTeX (JAW)
\etb@tempcnta=\count273
)
\@linkdim=\dimen151
\Hy@linkcounter=\count274
\Hy@pagecounter=\count275

(C:\Users\Lancelot-Laptop\AppData\Local\Programs\MiKTeX\tex/latex/hyperref\pd1e
nc.def
File: pd1enc.def 2023-11-26 v7.01g Hyperref: PDFDocEncoding definition (HO)
Now handling font encoding PD1 ...
... no UTF-8 mapping file for font encoding PD1
)
(C:\Users\Lancelot-Laptop\AppData\Local\Programs\MiKTeX\tex/generic/intcalc\int
calc.sty
Package: intcalc 2019/12/15 v1.3 Expandable calculations with integers (HO)
)
\Hy@SavedSpaceFactor=\count276

(C:\Users\Lancelot-Laptop\AppData\Local\Programs\MiKTeX\tex/latex/hyperref\puen
c.def
File: puenc.def 2023-11-26 v7.01g Hyperref: PDF Unicode definition (HO)
Now handling font encoding PU ...
... no UTF-8 mapping file for font encoding PU
)
Package hyperref Info: Hyper figures OFF on input line 4181.
Package hyperref Info: Link nesting OFF on input line 4186.
Package hyperref Info: Hyper index ON on input line 4189.
Package hyperref Info: Plain pages OFF on input line 4196.
Package hyperref Info: Backreferencing OFF on input line 4201.
Package hyperref Info: Implicit mode ON; LaTeX internals redefined.
Package hyperref Info: Bookmarks ON on input line 4448.
\c@Hy@tempcnt=\count277

(C:\Users\Lancelot-Laptop\AppData\Local\Programs\MiKTeX\tex/latex/url\url.sty
\Urlmuskip=\muskip16
Package: url 2013/09/16  ver 3.4  Verb mode for urls, etc.
)
LaTeX Info: Redefining \url on input line 4786.
\XeTeXLinkMargin=\dimen152

(C:\Users\Lancelot-Laptop\AppData\Local\Programs\MiKTeX\tex/generic/bitset\bits
et.sty
Package: bitset 2019/12/09 v1.3 Handle bit-vector datatype (HO)

(C:\Users\Lancelot-Laptop\AppData\Local\Programs\MiKTeX\tex/generic/bigintcalc\
bigintcalc.sty
Package: bigintcalc 2019/12/15 v1.5 Expandable calculations on big integers (HO
)
))
\Fld@menulength=\count278
\Field@Width=\dimen153
\Fld@charsize=\dimen154
Package hyperref Info: Hyper figures OFF on input line 6065.
Package hyperref Info: Link nesting OFF on input line 6070.
Package hyperref Info: Hyper index ON on input line 6073.
Package hyperref Info: backreferencing OFF on input line 6080.
Package hyperref Info: Link coloring OFF on input line 6085.
Package hyperref Info: Link coloring with OCG OFF on input line 6090.
Package hyperref Info: PDF/A mode OFF on input line 6095.

(C:\Users\Lancelot-Laptop\AppData\Local\Programs\MiKTeX\tex/latex/base\atbegshi
-ltx.sty
Package: atbegshi-ltx 2021/01/10 v1.0c Emulation of the original atbegshi
package with kernel methods
)
\Hy@abspage=\count279
\c@Item=\count280
\c@Hfootnote=\count281
)
Package hyperref Info: Driver (autodetected): hpdftex.

(C:\Users\Lancelot-Laptop\AppData\Local\Programs\MiKTeX\tex/latex/hyperref\hpdf
tex.def
File: hpdftex.def 2023-11-26 v7.01g Hyperref driver for pdfTeX

(C:\Users\Lancelot-Laptop\AppData\Local\Programs\MiKTeX\tex/latex/base\atveryen
d-ltx.sty
Package: atveryend-ltx 2020/08/19 v1.0a Emulation of the original atveryend pac
kage
with kernel methods
)
\Fld@listcount=\count282
\c@bookmark@seq@number=\count283

(C:\Users\Lancelot-Laptop\AppData\Local\Programs\MiKTeX\tex/latex/rerunfilechec
k\rerunfilecheck.sty
Package: rerunfilecheck 2022-07-10 v1.10 Rerun checks for auxiliary files (HO)

(C:\Users\Lancelot-Laptop\AppData\Local\Programs\MiKTeX\tex/generic/uniquecount
er\uniquecounter.sty
Package: uniquecounter 2019/12/15 v1.4 Provide unlimited unique counter (HO)
)
Package uniquecounter Info: New unique counter `rerunfilecheck' on input line 2
85.
)
\Hy@SectionHShift=\skip60
)
(C:\Users\Lancelot-Laptop\AppData\Local\Programs\MiKTeX\tex/latex/xcolor\xcolor
.sty
Package: xcolor 2023/11/15 v3.01 LaTeX color extensions (UK)

(C:\Users\Lancelot-Laptop\AppData\Local\Programs\MiKTeX\tex/latex/graphics-cfg\
color.cfg
File: color.cfg 2016/01/02 v1.6 sample color configuration
)
Package xcolor Info: Driver file: pdftex.def on input line 274.

(C:\Users\Lancelot-Laptop\AppData\Local\Programs\MiKTeX\tex/latex/graphics-def\
pdftex.def
File: pdftex.def 2022/09/22 v1.2b Graphics/color driver for pdftex
)
(C:\Users\Lancelot-Laptop\AppData\Local\Programs\MiKTeX\tex/latex/graphics\math
color.ltx)
Package xcolor Info: Model `cmy' substituted by `cmy0' on input line 1350.
Package xcolor Info: Model `hsb' substituted by `rgb' on input line 1354.
Package xcolor Info: Model `RGB' extended on input line 1366.
Package xcolor Info: Model `HTML' substituted by `rgb' on input line 1368.
Package xcolor Info: Model `Hsb' substituted by `hsb' on input line 1369.
Package xcolor Info: Model `tHsb' substituted by `hsb' on input line 1370.
Package xcolor Info: Model `HSB' substituted by `hsb' on input line 1371.
Package xcolor Info: Model `Gray' substituted by `gray' on input line 1372.
Package xcolor Info: Model `wave' substituted by `hsb' on input line 1373.
)
(C:\Users\Lancelot-Laptop\AppData\Local\Programs\MiKTeX\tex/latex/tools\variore
f.sty
Package: varioref 2022/01/09 v1.6f package for extended references (FMi)
\c@vrcnt=\count284
)
(C:\Users\Lancelot-Laptop\AppData\Local\Programs\MiKTeX\tex/latex/cleveref\clev
eref.sty
Package: cleveref 2018/03/27 v0.21.4 Intelligent cross-referencing
Package cleveref Info: `hyperref' support loaded on input line 2370.
LaTeX Info: Redefining \cref on input line 2370.
LaTeX Info: Redefining \Cref on input line 2370.
LaTeX Info: Redefining \crefrange on input line 2370.
LaTeX Info: Redefining \Crefrange on input line 2370.
LaTeX Info: Redefining \cpageref on input line 2370.
LaTeX Info: Redefining \Cpageref on input line 2370.
LaTeX Info: Redefining \cpagerefrange on input line 2370.
LaTeX Info: Redefining \Cpagerefrange on input line 2370.
LaTeX Info: Redefining \labelcref on input line 2370.
LaTeX Info: Redefining \labelcpageref on input line 2370.
Package cleveref Info: `varioref' support loaded on input line 2605.
Package cleveref Info: `cleveref' supersedes `varioref's \labelformatcommand on
 input line 2605.
LaTeX Info: Redefining \vref on input line 2605.
LaTeX Info: Redefining \Vref on input line 2605.
LaTeX Info: Redefining \vrefrange on input line 2605.
LaTeX Info: Redefining \fullref on input line 2605.
)
Package hyperref Info: Option `colorlinks' set `true' on input line 46.

(C:\Users\Lancelot-Laptop\AppData\Local\Programs\MiKTeX\tex/latex/l3backend\l3b
ackend-pdftex.def
File: l3backend-pdftex.def 2024-01-04 L3 backend support: PDF output (pdfTeX)
\l__color_backend_stack_int=\count285
\l__pdf_internal_box=\box52
) (feladat2.aux

LaTeX Warning: Label `sec:numberszakasz' multiply defined.


LaTeX Warning: Label `sec:numberszakasz@cref' multiply defined.

(tex1.aux))
\openout1 = `feladat2.aux'.

LaTeX Font Info:    Checking defaults for OML/cmm/m/it on input line 50.
LaTeX Font Info:    ... okay on input line 50.
LaTeX Font Info:    Checking defaults for OMS/cmsy/m/n on input line 50.
LaTeX Font Info:    ... okay on input line 50.
LaTeX Font Info:    Checking defaults for OT1/cmr/m/n on input line 50.
LaTeX Font Info:    ... okay on input line 50.
LaTeX Font Info:    Checking defaults for T1/cmr/m/n on input line 50.
LaTeX Font Info:    ... okay on input line 50.
LaTeX Font Info:    Checking defaults for TS1/cmr/m/n on input line 50.
LaTeX Font Info:    ... okay on input line 50.
LaTeX Font Info:    Checking defaults for OMX/cmex/m/n on input line 50.
LaTeX Font Info:    ... okay on input line 50.
LaTeX Font Info:    Checking defaults for U/cmr/m/n on input line 50.
LaTeX Font Info:    ... okay on input line 50.
LaTeX Font Info:    Checking defaults for PD1/pdf/m/n on input line 50.
LaTeX Font Info:    ... okay on input line 50.
LaTeX Font Info:    Checking defaults for PU/pdf/m/n on input line 50.
LaTeX Font Info:    ... okay on input line 50.

*geometry* driver: auto-detecting
*geometry* detected driver: pdftex
*geometry* verbose mode - [ preamble ] result:
* driver: pdftex
* paper: <default>
* layout: <same size as paper>
* layoutoffset:(h,v)=(0.0pt,0.0pt)
* bindingoffset: 28.45274pt
* modes: twoside 
* h-part:(L,W,R)=(85.35826pt, 358.22021pt, 142.26378pt)
* v-part:(T,H,B)=(95.39737pt, 556.47656pt, 143.09605pt)
* \paperwidth=614.295pt
* \paperheight=794.96999pt
* \textwidth=358.22021pt
* \textheight=556.47656pt
* \oddsidemargin=41.54102pt
* \evensidemargin=69.99379pt
* \topmargin=-11.74641pt
* \headheight=15.0pt
* \headsep=19.8738pt
* \topskip=12.0pt
* \footskip=30.0pt
* \marginparwidth=85.35826pt
* \marginparsep=14.22636pt
* \columnsep=10.0pt
* \skip\footins=10.8pt plus 4.0pt minus 2.0pt
* \hoffset=0.0pt
* \voffset=0.0pt
* \mag=1000
* \@twocolumnfalse
* \@twosidetrue
* \@mparswitchtrue
* \@reversemarginfalse
* (1in=72.27pt=25.4mm, 1cm=28.453pt)

Package hyperref Info: Link coloring ON on input line 50.
(feladat2.out) (feladat2.out)
\@outlinefile=\write3
\openout3 = `feladat2.out'.


(C:\Users\Lancelot-Laptop\AppData\Local\Programs\MiKTeX\tex/context/base/mkii\s
upp-pdf.mkii
[Loading MPS to PDF converter (version 2006.09.02).]
\scratchcounter=\count286
\scratchdimen=\dimen155
\scratchbox=\box53
\nofMPsegments=\count287
\nofMParguments=\count288
\everyMPshowfont=\toks20
\MPscratchCnt=\count289
\MPscratchDim=\dimen156
\MPnumerator=\count290
\makeMPintoPDFobject=\count291
\everyMPtoPDFconversion=\toks21
)
(C:\Users\Lancelot-Laptop\AppData\Local\Programs\MiKTeX\tex/latex/base\book.cls
LaTeX Info: Redefining \cal on input line 583.
LaTeX Info: Redefining \mit on input line 584.
)
LaTeX Font Info:    External font `cmex10' loaded for size
(Font)              <14.4> on input line 55.
LaTeX Font Info:    External font `cmex10' loaded for size
(Font)              <7> on input line 55.
 [1



{C:/Users/Lancelot-Laptop/AppData/Local/MiKTeX/fonts/map/pdftex/pdftex.map}] (f
eladat2.toc
LaTeX Font Info:    External font `cmex10' loaded for size
(Font)              <12> on input line 1.
LaTeX Font Info:    External font `cmex10' loaded for size
(Font)              <8> on input line 1.
LaTeX Font Info:    External font `cmex10' loaded for size
(Font)              <6> on input line 1.
)
\tf@toc=\write4
\openout4 = `feladat2.toc'.

 [1

]
LaTeX Font Info:    External font `cmex10' loaded for size
(Font)              <5> on input line 73.

pdfTeX warning (ext4): destination with the same identifier (name{page.1}) has 
been already used, duplicate ignored
<to be read again> 
                   \relax 
l.81 \subsubsection
                   {Zagyvaságon belüli zagyvaság} [1] [2]
1. fejezet.
[3

] [4]
A. f\"uggel\'ek.

Package hyperref Warning: Difference (2) between bookmark levels is greater 
(hyperref)                than one, level fixed on input line 99.

[5

]

Package fancyhdr Warning: \headheight is too small (15.0pt): 
(fancyhdr)                Make it at least 15.04742pt, for example:
(fancyhdr)                \setlength{\headheight}{15.04742pt}.
(fancyhdr)                You might also make \topmargin smaller to compensate:

(fancyhdr)                \addtolength{\topmargin}{-0.04742pt}.

[6

]
B. f\"uggel\'ek.

Package hyperref Warning: Difference (2) between bookmark levels is greater 
(hyperref)                than one, level fixed on input line 103.

\c@myenumi=\count292
\c@myenumii=\count293
\c@myenumiii=\count294
\c@myenumiv=\count295
\c@myenumv=\count296
\enitdp@myenum=\count297
[7] [8]
Underfull \vbox (badness 1874) has occurred while \output is active []

 [9]
Underfull \vbox (badness 1874) has occurred while \output is active []

 [10]
[11]
Underfull \vbox (badness 1874) has occurred while \output is active []

 [12]
Underfull \vbox (badness 1874) has occurred while \output is active []

 [13]
Underfull \vbox (badness 1874) has occurred while \output is active []

 [14]
[15] (feladat2.aux (tex1.aux))
 ***********
LaTeX2e <2023-11-01> patch level 1
L3 programming layer <2024-01-04>
 ***********


LaTeX Warning: There were multiply-defined labels.

Package rerunfilecheck Info: File `feladat2.out' has not changed.
(rerunfilecheck)             Checksum: FA80345479500B7C66C1FC00ABB6D608;2171.
 ) 
Here is how much of TeX's memory you used:
 13825 strings out of 474485
 235335 string characters out of 5739014
 1935542 words of memory out of 5000000
 35932 multiletter control sequences out of 15000+600000
 571635 words of font info for 62 fonts, out of 8000000 for 9000
 1141 hyphenation exceptions out of 8191
 75i,11n,79p,1917b,474s stack positions out of 10000i,1000n,20000p,200000b,200000s

pdfTeX warning (dest): name{section.B.1} has been referenced but does not exist
, replaced by a fixed one

 <C:\Users\Lancelot-Laptop\AppData\Local\MiKTeX\fonts/pk/ljfour/jknappen/ec/dpi
600\ecrm1000.pk> <C:\Users\Lancelot-Laptop\AppData\Local\MiKTeX\fonts/pk/ljfour
/jknappen/ec/dpi600\tcrm0700.pk> <C:\Users\Lancelot-Laptop\AppData\Local\MiKTeX
\fonts/pk/ljfour/jknappen/ec/dpi600\ecbx1440.pk> <C:\Users\Lancelot-Laptop\AppD
ata\Local\MiKTeX\fonts/pk/ljfour/jknappen/ec/dpi600\tcrm0800.pk> <C:\Users\Lanc
elot-Laptop\AppData\Local\MiKTeX\fonts/pk/ljfour/jknappen/ec/dpi600\ecbx1728.pk
> <C:\Users\Lancelot-Laptop\AppData\Local\MiKTeX\fonts/pk/ljfour/jknappen/ec/dp
i600\ecbx1200.pk> <C:\Users\Lancelot-Laptop\AppData\Local\MiKTeX\fonts/pk/ljfou
r/jknappen/ec/dpi600\ecrm1200.pk> <C:\Users\Lancelot-Laptop\AppData\Local\MiKTe
X\fonts/pk/ljfour/jknappen/ec/dpi600\ecbx2488.pk> <C:\Users\Lancelot-Laptop\App
Data\Local\MiKTeX\fonts/pk/ljfour/jknappen/ec/dpi600\ecrm1440.pk> <C:\Users\Lan
celot-Laptop\AppData\Local\MiKTeX\fonts/pk/ljfour/jknappen/ec/dpi600\ecrm2074.p
k>
Output written on feladat2.pdf (17 pages, 143937 bytes).
PDF statistics:
 472 PDF objects out of 1000 (max. 8388607)
 47 named destinations out of 1000 (max. 500000)
 105 words of extra memory for PDF output out of 10000 (max. 10000000)

